<?xml version="1.0" encoding="UTF-8"?>
<!-- Generated by org.testng.reporters.JUnitReportReporter -->
<testsuite hostname="HP-ENVY" failures="0" tests="10" name="org.automation.ui.BlazeDemoTests" time="345.278" errors="0" timestamp="2025-10-08T19:31:05 IST" skipped="0">
  <testcase classname="org.automation.ui.BlazeDemoTests" name="testFillPurchaseForm" time="40.423"/>
  <testcase classname="org.automation.ui.BlazeDemoTests" name="testHomePageTitle" time="36.707"/>
  <testcase classname="org.automation.ui.BlazeDemoTests" name="testConfirmationPage" time="34.571"/>
  <testcase classname="org.automation.ui.BlazeDemoTests" name="testNavigateToHomePage" time="35.591"/>
  <testcase classname="org.automation.ui.BlazeDemoTests" name="testPurchaseFlight" time="36.360"/>
  <testcase classname="org.automation.ui.BlazeDemoTests" name="testFlightSearchNavigation" time="30.147"/>
  <testcase classname="org.automation.ui.BlazeDemoTests" name="testHomePageContainsDepartureAndDestination" time="36.789"/>
  <testcase classname="org.automation.ui.BlazeDemoTests" name="testFlightSelectionPage" time="27.948"/>
  <testcase classname="org.automation.ui.BlazeDemoTests" name="testSelectFirstFlight" time="34.308"/>
  <testcase classname="org.automation.ui.BlazeDemoTests" name="testPurchasePageContainsForm" time="32.434"/>
</testsuite> <!-- org.automation.ui.BlazeDemoTests -->
