<?xml version="1.0" encoding="UTF-8"?>
<!-- Generated by org.testng.reporters.JUnitReportReporter -->
<testsuite hostname="HP-ENVY" failures="0" tests="10" name="org.automation.api.JsonPlaceholderTests" time="44.680" errors="0" timestamp="2025-10-08T19:31:05 IST" skipped="0">
  <testcase classname="org.automation.api.JsonPlaceholderTests" name="testGetAllPosts" time="7.199"/>
  <testcase classname="org.automation.api.JsonPlaceholderTests" name="testGetAllUsers" time="5.019"/>
  <testcase classname="org.automation.api.JsonPlaceholderTests" name="testPatchPost" time="3.827"/>
  <testcase classname="org.automation.api.JsonPlaceholderTests" name="testCreateComment" time="3.609"/>
  <testcase classname="org.automation.api.JsonPlaceholderTests" name="testCreatePost" time="5.112"/>
  <testcase classname="org.automation.api.JsonPlaceholderTests" name="testGetSingleUser" time="3.607"/>
  <testcase classname="org.automation.api.JsonPlaceholderTests" name="testDeletePost" time="3.689"/>
  <testcase classname="org.automation.api.JsonPlaceholderTests" name="testUpdatePost" time="3.607"/>
  <testcase classname="org.automation.api.JsonPlaceholderTests" name="testGetSinglePost" time="4.384"/>
  <testcase classname="org.automation.api.JsonPlaceholderTests" name="testGetCommentsForPost" time="4.627"/>
</testsuite> <!-- org.automation.api.JsonPlaceholderTests -->
