<?xml version="1.0" encoding="UTF-8"?>
<!-- Generated by org.testng.reporters.JUnitReportReporter -->
<testsuite hostname="HP-ENVY" failures="0" tests="10" name="org.automation.api.JsonPlaceholderTests" time="44.033" errors="0" timestamp="2025-09-25T08:58:44 IST" skipped="0">
  <testcase classname="org.automation.api.JsonPlaceholderTests" name="testCreatePost" time="4.426"/>
  <testcase classname="org.automation.api.JsonPlaceholderTests" name="testCreateComment" time="4.425"/>
  <testcase classname="org.automation.api.JsonPlaceholderTests" name="testPatchPost" time="4.424"/>
  <testcase classname="org.automation.api.JsonPlaceholderTests" name="testGetSinglePost" time="4.424"/>
  <testcase classname="org.automation.api.JsonPlaceholderTests" name="testGetSingleUser" time="4.424"/>
  <testcase classname="org.automation.api.JsonPlaceholderTests" name="testDeletePost" time="3.610"/>
  <testcase classname="org.automation.api.JsonPlaceholderTests" name="testGetCommentsForPost" time="4.425"/>
  <testcase classname="org.automation.api.JsonPlaceholderTests" name="testUpdatePost" time="4.425"/>
  <testcase classname="org.automation.api.JsonPlaceholderTests" name="testGetAllPosts" time="4.465"/>
  <testcase classname="org.automation.api.JsonPlaceholderTests" name="testGetAllUsers" time="4.985"/>
</testsuite> <!-- org.automation.api.JsonPlaceholderTests -->
